may 03, 2019 8:31:10 PM org.apache.catalina.startup.VersionLoggerListener log
INFORMACIÓN: Server version:        Apache Tomcat (TomEE)/7.0.68 (1.7.4)
may 03, 2019 8:31:10 PM org.apache.catalina.startup.VersionLoggerListener log
INFORMACIÓN: Server built:          Feb 8 2016 20:25:54 UTC
may 03, 2019 8:31:10 PM org.apache.catalina.startup.VersionLoggerListener log
INFORMACIÓN: Server number:         7.0.68.0
may 03, 2019 8:31:10 PM org.apache.catalina.startup.VersionLoggerListener log
INFORMACIÓN: OS Name:               Windows 10
may 03, 2019 8:31:10 PM org.apache.catalina.startup.VersionLoggerListener log
INFORMACIÓN: OS Version:            10.0
may 03, 2019 8:31:10 PM org.apache.catalina.startup.VersionLoggerListener log
INFORMACIÓN: Architecture:          amd64
may 03, 2019 8:31:10 PM org.apache.catalina.startup.VersionLoggerListener log
INFORMACIÓN: Java Home:             C:\Program Files\Java\jdk1.8.0_191\jre
may 03, 2019 8:31:10 PM org.apache.catalina.startup.VersionLoggerListener log
INFORMACIÓN: JVM Version:           1.8.0_191-b12
may 03, 2019 8:31:10 PM org.apache.catalina.startup.VersionLoggerListener log
INFORMACIÓN: JVM Vendor:            Oracle Corporation
may 03, 2019 8:31:10 PM org.apache.catalina.startup.VersionLoggerListener log
INFORMACIÓN: CATALINA_BASE:         C:\apache-tomee-webprofile-1.7.4
may 03, 2019 8:31:10 PM org.apache.catalina.startup.VersionLoggerListener log
INFORMACIÓN: CATALINA_HOME:         C:\apache-tomee-webprofile-1.7.4
may 03, 2019 8:31:10 PM org.apache.catalina.startup.VersionLoggerListener log
INFORMACIÓN: Command line argument: -javaagent:C:\apache-tomee-webprofile-1.7.4\lib\openejb-javaagent.jar
may 03, 2019 8:31:10 PM org.apache.catalina.startup.VersionLoggerListener log
INFORMACIÓN: Command line argument: -Djava.util.logging.config.file=C:\apache-tomee-webprofile-1.7.4\conf\logging.properties
may 03, 2019 8:31:10 PM org.apache.catalina.startup.VersionLoggerListener log
INFORMACIÓN: Command line argument: -Djava.util.logging.manager=org.apache.juli.ClassLoaderLogManager
may 03, 2019 8:31:10 PM org.apache.catalina.startup.VersionLoggerListener log
INFORMACIÓN: Command line argument: -Djava.endorsed.dirs=C:\apache-tomee-webprofile-1.7.4\endorsed
may 03, 2019 8:31:10 PM org.apache.catalina.startup.VersionLoggerListener log
INFORMACIÓN: Command line argument: -Dcatalina.base=C:\apache-tomee-webprofile-1.7.4
may 03, 2019 8:31:10 PM org.apache.catalina.startup.VersionLoggerListener log
INFORMACIÓN: Command line argument: -Dcatalina.home=C:\apache-tomee-webprofile-1.7.4
may 03, 2019 8:31:10 PM org.apache.catalina.startup.VersionLoggerListener log
INFORMACIÓN: Command line argument: -Djava.io.tmpdir=C:\apache-tomee-webprofile-1.7.4\temp
may 03, 2019 8:31:10 PM org.apache.catalina.core.AprLifecycleListener lifecycleEvent
INFORMACIÓN: La biblioteca nativa de Apache Tomcat basada en ARP que permite un rendimiento óptimo en entornos de desarrollo no ha sido hallada en java.library.path: C:\Program Files\Java\jdk1.8.0_191\bin;C:\WINDOWS\Sun\Java\bin;C:\WINDOWS\system32;C:\WINDOWS;C:\Program Files (x86)\Common Files\Oracle\Java\javapath;C:\WINDOWS\system32;C:\WINDOWS;C:\WINDOWS\System32\Wbem;C:\WINDOWS\System32\WindowsPowerShell\v1.0\;C:\Program Files (x86)\ATI Technologies\ATI.ACE\Core-Static;C:\Program Files (x86)\Brackets\command;C:\WINDOWS\System32\OpenSSH\;C:\Program Files\Git\cmd;C:\Program Files\MySQL\MySQL Server 8.0\bin;C:\Program Files (x86)\AMD\ATI.ACE\Core-Static;C:\Program Files (x86)\Microsoft SQL Server\140\Tools\Binn\;C:\Program Files\Microsoft SQL Server\140\Tools\Binn\;C:\Program Files (x86)\Microsoft SQL Server\140\DTS\Binn\;C:\Program Files\Microsoft SQL Server\140\DTS\Binn\;C:\Program Files\Microsoft SQL Server\Client SDK\ODBC\130\Tools\Binn\;C:\Program Files (x86)\Microsoft SQL Server\Client SDK\ODBC\130\Tools\Binn\;C:\Program Files (x86)\Microsoft SQL Server\140\Tools\Binn\ManagementStudio\;C:\Users\deha1\AppData\Local\Microsoft\WindowsApps;C:\Program Files\Java\jdk1.8.0_191\bin;;.
may 03, 2019 8:31:11 PM org.apache.coyote.AbstractProtocol init
INFORMACIÓN: Initializing ProtocolHandler ["http-bio-8080"]
may 03, 2019 8:31:11 PM org.apache.coyote.AbstractProtocol init
INFORMACIÓN: Initializing ProtocolHandler ["ajp-bio-8009"]
may 03, 2019 8:31:13 PM org.apache.openejb.util.OptionsLog info
INFORMACIÓN: Using 'openejb.jdbc.datasource-creator=org.apache.tomee.jdbc.TomEEDataSourceCreator'
may 03, 2019 8:31:14 PM org.apache.openejb.OpenEJB$Instance <init>
INFORMACIÓN: ********************************************************************************
may 03, 2019 8:31:14 PM org.apache.openejb.OpenEJB$Instance <init>
INFORMACIÓN: OpenEJB http://tomee.apache.org/
may 03, 2019 8:31:14 PM org.apache.openejb.OpenEJB$Instance <init>
INFORMACIÓN: Startup: Fri May 03 20:31:14 COT 2019
may 03, 2019 8:31:14 PM org.apache.openejb.OpenEJB$Instance <init>
INFORMACIÓN: Copyright 1999-2015 (C) Apache OpenEJB/TomEE Project, All Rights Reserved.
may 03, 2019 8:31:14 PM org.apache.openejb.OpenEJB$Instance <init>
INFORMACIÓN: Version: 4.7.4
may 03, 2019 8:31:14 PM org.apache.openejb.OpenEJB$Instance <init>
INFORMACIÓN: Build date: 20160304
may 03, 2019 8:31:14 PM org.apache.openejb.OpenEJB$Instance <init>
INFORMACIÓN: Build time: 09:05
may 03, 2019 8:31:14 PM org.apache.openejb.OpenEJB$Instance <init>
INFORMACIÓN: ********************************************************************************
may 03, 2019 8:31:14 PM org.apache.openejb.OpenEJB$Instance <init>
INFORMACIÓN: openejb.home = C:\apache-tomee-webprofile-1.7.4
may 03, 2019 8:31:14 PM org.apache.openejb.OpenEJB$Instance <init>
INFORMACIÓN: openejb.base = C:\apache-tomee-webprofile-1.7.4
may 03, 2019 8:31:14 PM org.apache.openejb.cdi.CdiBuilder initializeOWB
INFORMACIÓN: Created new singletonService org.apache.openejb.cdi.ThreadSingletonServiceImpl@1068e947
may 03, 2019 8:31:14 PM org.apache.openejb.cdi.CdiBuilder initializeOWB
INFORMACIÓN: Succeeded in installing singleton service
may 03, 2019 8:31:14 PM org.apache.openejb.config.ConfigurationFactory init
INFORMACIÓN: openejb configuration file is 'C:\apache-tomee-webprofile-1.7.4\conf\tomee.xml'
may 03, 2019 8:31:14 PM org.apache.openejb.config.ConfigurationFactory configureService
INFORMACIÓN: Configuring Service(id=Tomcat Security Service, type=SecurityService, provider-id=Tomcat Security Service)
may 03, 2019 8:31:14 PM org.apache.openejb.config.ConfigurationFactory configureService
INFORMACIÓN: Configuring Service(id=Default Transaction Manager, type=TransactionManager, provider-id=Default Transaction Manager)
may 03, 2019 8:31:14 PM org.apache.openejb.util.OptionsLog info
INFORMACIÓN: Using 'openejb.system.apps=true'
may 03, 2019 8:31:14 PM org.apache.openejb.config.ConfigurationFactory configureApplication
INFORMACIÓN: Configuring enterprise application: openejb
may 03, 2019 8:31:15 PM org.apache.openejb.config.InitEjbDeployments deploy
INFORMACIÓN: Using openejb.deploymentId.format '{ejbName}'
may 03, 2019 8:31:15 PM org.apache.openejb.config.InitEjbDeployments deploy
INFORMACIÓN: Auto-deploying ejb openejb/Deployer: EjbDeployment(deployment-id=openejb/Deployer)
may 03, 2019 8:31:15 PM org.apache.openejb.config.InitEjbDeployments deploy
INFORMACIÓN: Auto-deploying ejb openejb/ConfigurationInfo: EjbDeployment(deployment-id=openejb/ConfigurationInfo)
may 03, 2019 8:31:15 PM org.apache.openejb.config.InitEjbDeployments deploy
INFORMACIÓN: Auto-deploying ejb MEJB: EjbDeployment(deployment-id=MEJB)
may 03, 2019 8:31:15 PM org.apache.openejb.config.ConfigurationFactory configureService
INFORMACIÓN: Configuring Service(id=Default Stateless Container, type=Container, provider-id=Default Stateless Container)
may 03, 2019 8:31:15 PM org.apache.openejb.config.AutoConfig createContainer
INFORMACIÓN: Auto-creating a container for bean openejb/Deployer: Container(type=STATELESS, id=Default Stateless Container)
may 03, 2019 8:31:15 PM org.apache.openejb.config.AppInfoBuilder build
INFORMACIÓN: Enterprise application "openejb" loaded.
may 03, 2019 8:31:15 PM org.apache.openejb.assembler.classic.Assembler createRecipe
INFORMACIÓN: Creating TransactionManager(id=Default Transaction Manager)
may 03, 2019 8:31:15 PM org.apache.openejb.assembler.classic.Assembler createRecipe
INFORMACIÓN: Creating SecurityService(id=Tomcat Security Service)
may 03, 2019 8:31:15 PM org.apache.openejb.assembler.classic.Assembler createRecipe
INFORMACIÓN: Creating Container(id=Default Stateless Container)
may 03, 2019 8:31:15 PM org.apache.openejb.assembler.classic.Assembler createAppClassLoader
INFORMACIÓN: Not creating another application classloader for openejb
may 03, 2019 8:31:15 PM org.apache.openejb.assembler.classic.Assembler createApplication
INFORMACIÓN: Assembling app: openejb
may 03, 2019 8:31:15 PM org.apache.openejb.util.OptionsLog info
INFORMACIÓN: Using 'openejb.jndiname.format={deploymentId}{interfaceType.openejbLegacyName}'
may 03, 2019 8:31:15 PM org.apache.openejb.assembler.classic.JndiBuilder bind
INFORMACIÓN: Jndi(name=openejb/DeployerBusinessRemote) --> Ejb(deployment-id=openejb/Deployer)
may 03, 2019 8:31:15 PM org.apache.openejb.assembler.classic.JndiBuilder bind
INFORMACIÓN: Jndi(name=global/openejb/openejb/Deployer!org.apache.openejb.assembler.Deployer) --> Ejb(deployment-id=openejb/Deployer)
may 03, 2019 8:31:15 PM org.apache.openejb.assembler.classic.JndiBuilder bind
INFORMACIÓN: Jndi(name=global/openejb/openejb/Deployer) --> Ejb(deployment-id=openejb/Deployer)
may 03, 2019 8:31:15 PM org.apache.openejb.assembler.classic.JndiBuilder bind
INFORMACIÓN: Jndi(name=openejb/ConfigurationInfoBusinessRemote) --> Ejb(deployment-id=openejb/ConfigurationInfo)
may 03, 2019 8:31:15 PM org.apache.openejb.assembler.classic.JndiBuilder bind
INFORMACIÓN: Jndi(name=global/openejb/openejb/ConfigurationInfo!org.apache.openejb.assembler.classic.cmd.ConfigurationInfo) --> Ejb(deployment-id=openejb/ConfigurationInfo)
may 03, 2019 8:31:15 PM org.apache.openejb.assembler.classic.JndiBuilder bind
INFORMACIÓN: Jndi(name=global/openejb/openejb/ConfigurationInfo) --> Ejb(deployment-id=openejb/ConfigurationInfo)
may 03, 2019 8:31:15 PM org.apache.openejb.assembler.classic.JndiBuilder bind
INFORMACIÓN: Jndi(name=MEJB) --> Ejb(deployment-id=MEJB)
may 03, 2019 8:31:15 PM org.apache.openejb.assembler.classic.JndiBuilder bind
INFORMACIÓN: Jndi(name=global/openejb/MEJB!javax.management.j2ee.ManagementHome) --> Ejb(deployment-id=MEJB)
may 03, 2019 8:31:15 PM org.apache.openejb.assembler.classic.JndiBuilder bind
INFORMACIÓN: Jndi(name=global/openejb/MEJB) --> Ejb(deployment-id=MEJB)
may 03, 2019 8:31:15 PM org.apache.openejb.assembler.classic.Assembler startEjbs
INFORMACIÓN: Created Ejb(deployment-id=MEJB, ejb-name=MEJB, container=Default Stateless Container)
may 03, 2019 8:31:15 PM org.apache.openejb.assembler.classic.Assembler startEjbs
INFORMACIÓN: Created Ejb(deployment-id=openejb/ConfigurationInfo, ejb-name=openejb/ConfigurationInfo, container=Default Stateless Container)
may 03, 2019 8:31:15 PM org.apache.openejb.assembler.classic.Assembler startEjbs
INFORMACIÓN: Created Ejb(deployment-id=openejb/Deployer, ejb-name=openejb/Deployer, container=Default Stateless Container)
may 03, 2019 8:31:16 PM org.apache.openejb.assembler.classic.Assembler startEjbs
INFORMACIÓN: Started Ejb(deployment-id=MEJB, ejb-name=MEJB, container=Default Stateless Container)
may 03, 2019 8:31:16 PM org.apache.openejb.assembler.classic.Assembler startEjbs
INFORMACIÓN: Started Ejb(deployment-id=openejb/ConfigurationInfo, ejb-name=openejb/ConfigurationInfo, container=Default Stateless Container)
may 03, 2019 8:31:16 PM org.apache.openejb.assembler.classic.Assembler startEjbs
INFORMACIÓN: Started Ejb(deployment-id=openejb/Deployer, ejb-name=openejb/Deployer, container=Default Stateless Container)
may 03, 2019 8:31:16 PM org.apache.openejb.assembler.classic.Assembler deployMBean
INFORMACIÓN: Deployed MBean(openejb.user.mbeans:application=openejb,group=org.apache.openejb.assembler.monitoring,name=JMXDeployer)
may 03, 2019 8:31:16 PM org.apache.openejb.assembler.classic.Assembler createApplication
INFORMACIÓN: Deployed Application(path=openejb)
may 03, 2019 8:31:16 PM org.apache.openejb.server.SimpleServiceManager start
INFORMACIÓN:   ** Bound Services **
may 03, 2019 8:31:16 PM org.apache.openejb.server.SimpleServiceManager printRow
INFORMACIÓN:   NAME                 IP              PORT  
may 03, 2019 8:31:16 PM org.apache.openejb.server.SimpleServiceManager start
INFORMACIÓN: -------
may 03, 2019 8:31:16 PM org.apache.openejb.server.SimpleServiceManager start
INFORMACIÓN: Ready!
may 03, 2019 8:31:16 PM org.apache.catalina.startup.Catalina load
INFORMACIÓN: Initialization processed in 6631 ms
may 03, 2019 8:31:16 PM org.apache.tomee.catalina.OpenEJBNamingContextListener bindResource
INFORMACIÓN: Importing a Tomcat Resource with id 'UserDatabase' of type 'org.apache.catalina.UserDatabase'.
may 03, 2019 8:31:16 PM org.apache.openejb.assembler.classic.Assembler createRecipe
INFORMACIÓN: Creating Resource(id=UserDatabase)
may 03, 2019 8:31:16 PM org.apache.catalina.core.StandardService startInternal
INFORMACIÓN: Arrancando servicio Catalina
may 03, 2019 8:31:16 PM org.apache.catalina.core.StandardEngine startInternal
INFORMACIÓN: Starting Servlet Engine: Apache Tomcat (TomEE)/7.0.68 (1.7.4)
may 03, 2019 8:31:16 PM org.apache.catalina.startup.HostConfig deployDescriptor
INFORMACIÓN: Desplieque del descriptor de configuración C:\apache-tomee-webprofile-1.7.4\conf\Catalina\localhost\Prueba.xml
may 03, 2019 8:31:16 PM org.apache.tomee.catalina.TomcatWebAppBuilder init
INFORMACIÓN: ------------------------- localhost -> /Prueba
may 03, 2019 8:31:16 PM org.apache.openejb.config.ConfigurationFactory configureApplication
INFORMACIÓN: Configuring enterprise application: C:\Users\deha1\Documents\NetBeansProjects\Prueba\build\web
may 03, 2019 8:31:17 PM org.apache.openejb.config.AppInfoBuilder build
INFORMACIÓN: Enterprise application "C:\Users\deha1\Documents\NetBeansProjects\Prueba\build\web" loaded.
may 03, 2019 8:31:17 PM org.apache.openejb.assembler.classic.Assembler createApplication
INFORMACIÓN: Assembling app: C:\Users\deha1\Documents\NetBeansProjects\Prueba\build\web
may 03, 2019 8:31:17 PM org.apache.openejb.cdi.CdiBuilder initSingleton
INFORMACIÓN: Existing thread singleton service in SystemInstance(): org.apache.openejb.cdi.ThreadSingletonServiceImpl@1068e947
may 03, 2019 8:31:17 PM org.apache.openejb.cdi.OpenEJBLifecycle startApplication
INFORMACIÓN: OpenWebBeans Container is starting...
may 03, 2019 8:31:17 PM org.apache.webbeans.plugins.PluginLoader startUp
INFORMACIÓN: Adding OpenWebBeansPlugin : [CdiPlugin]
may 03, 2019 8:31:17 PM org.apache.webbeans.plugins.PluginLoader startUp
INFORMACIÓN: Adding OpenWebBeansPlugin : [OpenWebBeansJsfPlugin]
may 03, 2019 8:31:17 PM org.apache.webbeans.config.BeansDeployer validateInjectionPoints
INFORMACIÓN: All injection points were validated successfully.
may 03, 2019 8:31:17 PM org.apache.openejb.cdi.OpenEJBLifecycle startApplication
INFORMACIÓN: OpenWebBeans Container has started, it took 300 ms.
may 03, 2019 8:31:17 PM org.apache.tomee.catalina.TomcatWebAppBuilder deployWebApps
INFORMACIÓN: using context file C:\Users\deha1\Documents\NetBeansProjects\Prueba\build\web\META-INF\context.xml
may 03, 2019 8:31:17 PM org.apache.openejb.assembler.classic.Assembler createApplication
INFORMACIÓN: Deployed Application(path=C:\Users\deha1\Documents\NetBeansProjects\Prueba\build\web)
may 03, 2019 8:31:18 PM org.apache.catalina.startup.HostConfig deployDescriptor
INFORMACIÓN: Deployment of configuration descriptor C:\apache-tomee-webprofile-1.7.4\conf\Catalina\localhost\Prueba.xml has finished in 2.489 ms
may 03, 2019 8:31:18 PM org.apache.catalina.startup.HostConfig deployDirectory
INFORMACIÓN: Despliegue del directorio C:\apache-tomee-webprofile-1.7.4\webapps\docs de la aplicación web
may 03, 2019 8:31:18 PM org.apache.tomee.catalina.TomcatWebAppBuilder init
INFORMACIÓN: ------------------------- localhost -> /docs
may 03, 2019 8:31:19 PM org.apache.openejb.config.ConfigurationFactory configureApplication
INFORMACIÓN: Configuring enterprise application: C:\apache-tomee-webprofile-1.7.4\webapps\docs
may 03, 2019 8:31:19 PM org.apache.openejb.config.AppInfoBuilder build
INFORMACIÓN: Enterprise application "C:\apache-tomee-webprofile-1.7.4\webapps\docs" loaded.
may 03, 2019 8:31:19 PM org.apache.openejb.assembler.classic.Assembler createApplication
INFORMACIÓN: Assembling app: C:\apache-tomee-webprofile-1.7.4\webapps\docs
may 03, 2019 8:31:19 PM org.apache.openejb.cdi.CdiBuilder initSingleton
INFORMACIÓN: Existing thread singleton service in SystemInstance(): org.apache.openejb.cdi.ThreadSingletonServiceImpl@1068e947
may 03, 2019 8:31:19 PM org.apache.openejb.cdi.OpenEJBLifecycle startApplication
INFORMACIÓN: OpenWebBeans Container is starting...
may 03, 2019 8:31:19 PM org.apache.webbeans.plugins.PluginLoader startUp
INFORMACIÓN: Adding OpenWebBeansPlugin : [CdiPlugin]
may 03, 2019 8:31:19 PM org.apache.webbeans.plugins.PluginLoader startUp
INFORMACIÓN: Adding OpenWebBeansPlugin : [OpenWebBeansJsfPlugin]
may 03, 2019 8:31:19 PM org.apache.webbeans.config.BeansDeployer validateInjectionPoints
INFORMACIÓN: All injection points were validated successfully.
may 03, 2019 8:31:19 PM org.apache.openejb.cdi.OpenEJBLifecycle startApplication
INFORMACIÓN: OpenWebBeans Container has started, it took 48 ms.
may 03, 2019 8:31:19 PM org.apache.openejb.assembler.classic.Assembler createApplication
INFORMACIÓN: Deployed Application(path=C:\apache-tomee-webprofile-1.7.4\webapps\docs)
may 03, 2019 8:31:19 PM org.apache.catalina.startup.HostConfig deployDirectory
INFORMACIÓN: Deployment of web application directory C:\apache-tomee-webprofile-1.7.4\webapps\docs has finished in 536 ms
may 03, 2019 8:31:19 PM org.apache.catalina.startup.HostConfig deployDirectory
INFORMACIÓN: Despliegue del directorio C:\apache-tomee-webprofile-1.7.4\webapps\host-manager de la aplicación web
may 03, 2019 8:31:19 PM org.apache.tomee.catalina.TomcatWebAppBuilder init
INFORMACIÓN: ------------------------- localhost -> /host-manager
may 03, 2019 8:31:19 PM org.apache.openejb.config.ConfigurationFactory configureApplication
INFORMACIÓN: Configuring enterprise application: C:\apache-tomee-webprofile-1.7.4\webapps\host-manager
may 03, 2019 8:31:19 PM org.apache.openejb.config.AppInfoBuilder build
INFORMACIÓN: Enterprise application "C:\apache-tomee-webprofile-1.7.4\webapps\host-manager" loaded.
may 03, 2019 8:31:19 PM org.apache.openejb.assembler.classic.Assembler createApplication
INFORMACIÓN: Assembling app: C:\apache-tomee-webprofile-1.7.4\webapps\host-manager
may 03, 2019 8:31:19 PM org.apache.openejb.cdi.CdiBuilder initSingleton
INFORMACIÓN: Existing thread singleton service in SystemInstance(): org.apache.openejb.cdi.ThreadSingletonServiceImpl@1068e947
may 03, 2019 8:31:19 PM org.apache.openejb.cdi.OpenEJBLifecycle startApplication
INFORMACIÓN: OpenWebBeans Container is starting...
may 03, 2019 8:31:19 PM org.apache.webbeans.plugins.PluginLoader startUp
INFORMACIÓN: Adding OpenWebBeansPlugin : [CdiPlugin]
may 03, 2019 8:31:19 PM org.apache.webbeans.plugins.PluginLoader startUp
INFORMACIÓN: Adding OpenWebBeansPlugin : [OpenWebBeansJsfPlugin]
may 03, 2019 8:31:19 PM org.apache.webbeans.config.BeansDeployer validateInjectionPoints
INFORMACIÓN: All injection points were validated successfully.
may 03, 2019 8:31:19 PM org.apache.openejb.cdi.OpenEJBLifecycle startApplication
INFORMACIÓN: OpenWebBeans Container has started, it took 50 ms.
may 03, 2019 8:31:19 PM org.apache.tomee.catalina.TomcatWebAppBuilder deployWebApps
INFORMACIÓN: using context file C:\apache-tomee-webprofile-1.7.4\webapps\host-manager\META-INF\context.xml
may 03, 2019 8:31:19 PM org.apache.openejb.assembler.classic.Assembler createApplication
INFORMACIÓN: Deployed Application(path=C:\apache-tomee-webprofile-1.7.4\webapps\host-manager)
may 03, 2019 8:31:19 PM org.apache.catalina.startup.HostConfig deployDirectory
INFORMACIÓN: Deployment of web application directory C:\apache-tomee-webprofile-1.7.4\webapps\host-manager has finished in 567 ms
may 03, 2019 8:31:19 PM org.apache.catalina.startup.HostConfig deployDirectory
INFORMACIÓN: Despliegue del directorio C:\apache-tomee-webprofile-1.7.4\webapps\manager de la aplicación web
may 03, 2019 8:31:19 PM org.apache.tomee.catalina.TomcatWebAppBuilder init
INFORMACIÓN: ------------------------- localhost -> /manager
may 03, 2019 8:31:20 PM org.apache.openejb.config.ConfigurationFactory configureApplication
INFORMACIÓN: Configuring enterprise application: C:\apache-tomee-webprofile-1.7.4\webapps\manager
may 03, 2019 8:31:20 PM org.apache.openejb.config.AppInfoBuilder build
INFORMACIÓN: Enterprise application "C:\apache-tomee-webprofile-1.7.4\webapps\manager" loaded.
may 03, 2019 8:31:20 PM org.apache.openejb.assembler.classic.Assembler createApplication
INFORMACIÓN: Assembling app: C:\apache-tomee-webprofile-1.7.4\webapps\manager
may 03, 2019 8:31:20 PM org.apache.openejb.cdi.CdiBuilder initSingleton
INFORMACIÓN: Existing thread singleton service in SystemInstance(): org.apache.openejb.cdi.ThreadSingletonServiceImpl@1068e947
may 03, 2019 8:31:20 PM org.apache.openejb.cdi.OpenEJBLifecycle startApplication
INFORMACIÓN: OpenWebBeans Container is starting...
may 03, 2019 8:31:20 PM org.apache.webbeans.plugins.PluginLoader startUp
INFORMACIÓN: Adding OpenWebBeansPlugin : [CdiPlugin]
may 03, 2019 8:31:20 PM org.apache.webbeans.plugins.PluginLoader startUp
INFORMACIÓN: Adding OpenWebBeansPlugin : [OpenWebBeansJsfPlugin]
may 03, 2019 8:31:20 PM org.apache.webbeans.config.BeansDeployer validateInjectionPoints
INFORMACIÓN: All injection points were validated successfully.
may 03, 2019 8:31:20 PM org.apache.openejb.cdi.OpenEJBLifecycle startApplication
INFORMACIÓN: OpenWebBeans Container has started, it took 22 ms.
may 03, 2019 8:31:20 PM org.apache.tomee.catalina.TomcatWebAppBuilder deployWebApps
INFORMACIÓN: using context file C:\apache-tomee-webprofile-1.7.4\webapps\manager\META-INF\context.xml
may 03, 2019 8:31:20 PM org.apache.openejb.assembler.classic.Assembler createApplication
INFORMACIÓN: Deployed Application(path=C:\apache-tomee-webprofile-1.7.4\webapps\manager)
may 03, 2019 8:31:20 PM org.apache.catalina.startup.HostConfig deployDirectory
INFORMACIÓN: Deployment of web application directory C:\apache-tomee-webprofile-1.7.4\webapps\manager has finished in 379 ms
may 03, 2019 8:31:20 PM org.apache.catalina.startup.HostConfig deployDirectory
INFORMACIÓN: Despliegue del directorio C:\apache-tomee-webprofile-1.7.4\webapps\ROOT de la aplicación web
may 03, 2019 8:31:20 PM org.apache.tomee.catalina.TomcatWebAppBuilder init
INFORMACIÓN: ------------------------- localhost -> /
may 03, 2019 8:31:20 PM org.apache.openejb.config.ConfigurationFactory configureApplication
INFORMACIÓN: Configuring enterprise application: C:\apache-tomee-webprofile-1.7.4\webapps\ROOT
may 03, 2019 8:31:20 PM org.apache.openejb.config.AppInfoBuilder build
INFORMACIÓN: Enterprise application "C:\apache-tomee-webprofile-1.7.4\webapps\ROOT" loaded.
may 03, 2019 8:31:20 PM org.apache.openejb.assembler.classic.Assembler createApplication
INFORMACIÓN: Assembling app: C:\apache-tomee-webprofile-1.7.4\webapps\ROOT
may 03, 2019 8:31:20 PM org.apache.openejb.cdi.CdiBuilder initSingleton
INFORMACIÓN: Existing thread singleton service in SystemInstance(): org.apache.openejb.cdi.ThreadSingletonServiceImpl@1068e947
may 03, 2019 8:31:20 PM org.apache.openejb.cdi.OpenEJBLifecycle startApplication
INFORMACIÓN: OpenWebBeans Container is starting...
may 03, 2019 8:31:20 PM org.apache.webbeans.plugins.PluginLoader startUp
INFORMACIÓN: Adding OpenWebBeansPlugin : [CdiPlugin]
may 03, 2019 8:31:20 PM org.apache.webbeans.plugins.PluginLoader startUp
INFORMACIÓN: Adding OpenWebBeansPlugin : [OpenWebBeansJsfPlugin]
may 03, 2019 8:31:20 PM org.apache.webbeans.config.BeansDeployer validateInjectionPoints
INFORMACIÓN: All injection points were validated successfully.
may 03, 2019 8:31:20 PM org.apache.openejb.cdi.OpenEJBLifecycle startApplication
INFORMACIÓN: OpenWebBeans Container has started, it took 16 ms.
may 03, 2019 8:31:20 PM org.apache.openejb.assembler.classic.Assembler createApplication
INFORMACIÓN: Deployed Application(path=C:\apache-tomee-webprofile-1.7.4\webapps\ROOT)
may 03, 2019 8:31:20 PM org.apache.catalina.startup.HostConfig deployDirectory
INFORMACIÓN: Deployment of web application directory C:\apache-tomee-webprofile-1.7.4\webapps\ROOT has finished in 290 ms
may 03, 2019 8:31:20 PM org.apache.coyote.AbstractProtocol start
INFORMACIÓN: Starting ProtocolHandler ["http-bio-8080"]
may 03, 2019 8:31:20 PM org.apache.coyote.AbstractProtocol start
INFORMACIÓN: Starting ProtocolHandler ["ajp-bio-8009"]
may 03, 2019 8:31:20 PM org.apache.catalina.startup.Catalina start
INFORMACIÓN: Server startup in 4459 ms
may 03, 2019 8:31:23 PM org.apache.catalina.startup.HostConfig deployDescriptor
INFORMACIÓN: Desplieque del descriptor de configuración C:\apache-tomee-webprofile-1.7.4\conf\Catalina\localhost\PRINCS.xml
may 03, 2019 8:31:23 PM org.apache.tomee.catalina.TomcatWebAppBuilder init
INFORMACIÓN: ------------------------- localhost -> /PRINCS
may 03, 2019 8:31:24 PM org.apache.openejb.config.ConfigurationFactory configureApplication
INFORMACIÓN: Configuring enterprise application: C:\Users\deha1\Documents\NetBeansProjects\PRINCS\build\web
may 03, 2019 8:31:24 PM org.apache.openejb.config.AppInfoBuilder build
INFORMACIÓN: Enterprise application "C:\Users\deha1\Documents\NetBeansProjects\PRINCS\build\web" loaded.
may 03, 2019 8:31:24 PM org.apache.openejb.assembler.classic.Assembler createApplication
INFORMACIÓN: Assembling app: C:\Users\deha1\Documents\NetBeansProjects\PRINCS\build\web
may 03, 2019 8:31:24 PM org.apache.openejb.cdi.CdiBuilder initSingleton
INFORMACIÓN: Existing thread singleton service in SystemInstance(): org.apache.openejb.cdi.ThreadSingletonServiceImpl@1068e947
may 03, 2019 8:31:24 PM org.apache.openejb.cdi.OpenEJBLifecycle startApplication
INFORMACIÓN: OpenWebBeans Container is starting...
may 03, 2019 8:31:24 PM org.apache.webbeans.plugins.PluginLoader startUp
INFORMACIÓN: Adding OpenWebBeansPlugin : [CdiPlugin]
may 03, 2019 8:31:24 PM org.apache.webbeans.plugins.PluginLoader startUp
INFORMACIÓN: Adding OpenWebBeansPlugin : [OpenWebBeansJsfPlugin]
may 03, 2019 8:31:24 PM org.apache.webbeans.config.BeansDeployer validateInjectionPoints
INFORMACIÓN: All injection points were validated successfully.
may 03, 2019 8:31:24 PM org.apache.openejb.cdi.OpenEJBLifecycle startApplication
INFORMACIÓN: OpenWebBeans Container has started, it took 19 ms.
may 03, 2019 8:31:24 PM org.apache.tomee.catalina.TomcatWebAppBuilder deployWebApps
INFORMACIÓN: using context file C:\Users\deha1\Documents\NetBeansProjects\PRINCS\build\web\META-INF\context.xml
may 03, 2019 8:31:24 PM org.apache.openejb.assembler.classic.Assembler createApplication
INFORMACIÓN: Deployed Application(path=C:\Users\deha1\Documents\NetBeansProjects\PRINCS\build\web)
may 03, 2019 8:31:24 PM org.apache.catalina.startup.HostConfig deployDescriptor
INFORMACIÓN: Deployment of configuration descriptor C:\apache-tomee-webprofile-1.7.4\conf\Catalina\localhost\PRINCS.xml has finished in 368 ms
may 03, 2019 8:31:24 PM org.apache.catalina.util.LifecycleBase start
INFORMACIÓN: The start() method was called on component [StandardEngine[Catalina].StandardHost[localhost].StandardContext[/PRINCS]] after start() had already been called. The second call will be ignored.
