may 03, 2019 9:04:27 PM org.apache.catalina.core.StandardContext listenerStart
GRAVE: Error configurando escuchador de aplicación de clase org.apache.shiro.web.env.EnvironmentLoaderListener
java.lang.ClassNotFoundException: org.apache.shiro.web.env.EnvironmentLoaderListener
	at org.apache.catalina.loader.WebappClassLoaderBase.loadClass(WebappClassLoaderBase.java:1858)
	at org.apache.tomee.catalina.LazyStopWebappClassLoader.loadClass(LazyStopWebappClassLoader.java:171)
	at org.apache.catalina.loader.WebappClassLoaderBase.loadClass(WebappClassLoaderBase.java:1701)
	at org.apache.catalina.core.DefaultInstanceManager.loadClass(DefaultInstanceManager.java:504)
	at org.apache.catalina.core.DefaultInstanceManager.loadClassMaybePrivileged(DefaultInstanceManager.java:486)
	at org.apache.catalina.core.DefaultInstanceManager.newInstance(DefaultInstanceManager.java:113)
	at org.apache.catalina.core.StandardContext.listenerStart(StandardContext.java:4984)
	at org.apache.catalina.core.StandardContext.startInternal(StandardContext.java:5584)
	at org.apache.catalina.util.LifecycleBase.start(LifecycleBase.java:147)
	at org.apache.catalina.core.ContainerBase.addChildInternal(ContainerBase.java:899)
	at org.apache.catalina.core.ContainerBase.addChild(ContainerBase.java:875)
	at org.apache.catalina.core.StandardHost.addChild(StandardHost.java:652)
	at org.apache.catalina.startup.HostConfig.deployDescriptor(HostConfig.java:677)
	at org.apache.catalina.startup.HostConfig.deployApps(HostConfig.java:552)
	at org.apache.catalina.startup.HostConfig.check(HostConfig.java:1775)
	at sun.reflect.NativeMethodAccessorImpl.invoke0(Native Method)
	at sun.reflect.NativeMethodAccessorImpl.invoke(NativeMethodAccessorImpl.java:62)
	at sun.reflect.DelegatingMethodAccessorImpl.invoke(DelegatingMethodAccessorImpl.java:43)
	at java.lang.reflect.Method.invoke(Method.java:498)
	at org.apache.tomcat.util.modeler.BaseModelMBean.invoke(BaseModelMBean.java:301)
	at com.sun.jmx.interceptor.DefaultMBeanServerInterceptor.invoke(DefaultMBeanServerInterceptor.java:819)
	at com.sun.jmx.mbeanserver.JmxMBeanServer.invoke(JmxMBeanServer.java:801)
	at org.apache.catalina.manager.ManagerServlet.check(ManagerServlet.java:1506)
	at org.apache.catalina.manager.ManagerServlet.deploy(ManagerServlet.java:902)
	at org.apache.catalina.manager.ManagerServlet.doGet(ManagerServlet.java:361)
	at javax.servlet.http.HttpServlet.service(HttpServlet.java:624)
	at javax.servlet.http.HttpServlet.service(HttpServlet.java:731)
	at org.apache.catalina.core.ApplicationFilterChain.internalDoFilter(ApplicationFilterChain.java:303)
	at org.apache.catalina.core.ApplicationFilterChain.doFilter(ApplicationFilterChain.java:208)
	at org.apache.tomcat.websocket.server.WsFilter.doFilter(WsFilter.java:52)
	at org.apache.catalina.core.ApplicationFilterChain.internalDoFilter(ApplicationFilterChain.java:241)
	at org.apache.catalina.core.ApplicationFilterChain.doFilter(ApplicationFilterChain.java:208)
	at org.apache.catalina.filters.SetCharacterEncodingFilter.doFilter(SetCharacterEncodingFilter.java:108)
	at org.apache.catalina.core.ApplicationFilterChain.internalDoFilter(ApplicationFilterChain.java:241)
	at org.apache.catalina.core.ApplicationFilterChain.doFilter(ApplicationFilterChain.java:208)
	at org.apache.catalina.core.StandardWrapperValve.invoke(StandardWrapperValve.java:220)
	at org.apache.catalina.core.StandardContextValve.invoke(StandardContextValve.java:122)
	at org.apache.tomee.catalina.OpenEJBValve.invoke(OpenEJBValve.java:44)
	at org.apache.catalina.authenticator.AuthenticatorBase.invoke(AuthenticatorBase.java:614)
	at org.apache.catalina.core.StandardHostValve.invoke(StandardHostValve.java:169)
	at org.apache.catalina.valves.ErrorReportValve.invoke(ErrorReportValve.java:103)
	at org.apache.catalina.valves.AccessLogValve.invoke(AccessLogValve.java:956)
	at org.apache.catalina.core.StandardEngineValve.invoke(StandardEngineValve.java:116)
	at org.apache.catalina.connector.CoyoteAdapter.service(CoyoteAdapter.java:436)
	at org.apache.coyote.http11.AbstractHttp11Processor.process(AbstractHttp11Processor.java:1078)
	at org.apache.coyote.AbstractProtocol$AbstractConnectionHandler.process(AbstractProtocol.java:625)
	at org.apache.tomcat.util.net.JIoEndpoint$SocketProcessor.run(JIoEndpoint.java:318)
	at java.util.concurrent.ThreadPoolExecutor.runWorker(ThreadPoolExecutor.java:1149)
	at java.util.concurrent.ThreadPoolExecutor$Worker.run(ThreadPoolExecutor.java:624)
	at org.apache.tomcat.util.threads.TaskThread$WrappingRunnable.run(TaskThread.java:61)
	at java.lang.Thread.run(Thread.java:748)

may 03, 2019 9:04:27 PM org.apache.catalina.core.StandardContext listenerStart
GRAVE: Se ha saltado la instalación de escuchadores de aplicación debido a error(es) previo(s)
may 03, 2019 9:15:50 PM org.apache.catalina.core.StandardContext listenerStart
GRAVE: Error configurando escuchador de aplicación de clase org.apache.shiro.web.env.EnvironmentLoaderListener
java.lang.ClassNotFoundException: org.apache.shiro.web.env.EnvironmentLoaderListener
	at org.apache.catalina.loader.WebappClassLoaderBase.loadClass(WebappClassLoaderBase.java:1858)
	at org.apache.tomee.catalina.LazyStopWebappClassLoader.loadClass(LazyStopWebappClassLoader.java:171)
	at org.apache.catalina.loader.WebappClassLoaderBase.loadClass(WebappClassLoaderBase.java:1701)
	at org.apache.catalina.core.DefaultInstanceManager.loadClass(DefaultInstanceManager.java:504)
	at org.apache.catalina.core.DefaultInstanceManager.loadClassMaybePrivileged(DefaultInstanceManager.java:486)
	at org.apache.catalina.core.DefaultInstanceManager.newInstance(DefaultInstanceManager.java:113)
	at org.apache.catalina.core.StandardContext.listenerStart(StandardContext.java:4984)
	at org.apache.catalina.core.StandardContext.startInternal(StandardContext.java:5584)
	at org.apache.catalina.util.LifecycleBase.start(LifecycleBase.java:147)
	at org.apache.catalina.core.ContainerBase.addChildInternal(ContainerBase.java:899)
	at org.apache.catalina.core.ContainerBase.addChild(ContainerBase.java:875)
	at org.apache.catalina.core.StandardHost.addChild(StandardHost.java:652)
	at org.apache.catalina.startup.HostConfig.deployDescriptor(HostConfig.java:677)
	at org.apache.catalina.startup.HostConfig.deployApps(HostConfig.java:552)
	at org.apache.catalina.startup.HostConfig.check(HostConfig.java:1775)
	at sun.reflect.NativeMethodAccessorImpl.invoke0(Native Method)
	at sun.reflect.NativeMethodAccessorImpl.invoke(NativeMethodAccessorImpl.java:62)
	at sun.reflect.DelegatingMethodAccessorImpl.invoke(DelegatingMethodAccessorImpl.java:43)
	at java.lang.reflect.Method.invoke(Method.java:498)
	at org.apache.tomcat.util.modeler.BaseModelMBean.invoke(BaseModelMBean.java:301)
	at com.sun.jmx.interceptor.DefaultMBeanServerInterceptor.invoke(DefaultMBeanServerInterceptor.java:819)
	at com.sun.jmx.mbeanserver.JmxMBeanServer.invoke(JmxMBeanServer.java:801)
	at org.apache.catalina.manager.ManagerServlet.check(ManagerServlet.java:1506)
	at org.apache.catalina.manager.ManagerServlet.deploy(ManagerServlet.java:902)
	at org.apache.catalina.manager.ManagerServlet.doGet(ManagerServlet.java:361)
	at javax.servlet.http.HttpServlet.service(HttpServlet.java:624)
	at javax.servlet.http.HttpServlet.service(HttpServlet.java:731)
	at org.apache.catalina.core.ApplicationFilterChain.internalDoFilter(ApplicationFilterChain.java:303)
	at org.apache.catalina.core.ApplicationFilterChain.doFilter(ApplicationFilterChain.java:208)
	at org.apache.tomcat.websocket.server.WsFilter.doFilter(WsFilter.java:52)
	at org.apache.catalina.core.ApplicationFilterChain.internalDoFilter(ApplicationFilterChain.java:241)
	at org.apache.catalina.core.ApplicationFilterChain.doFilter(ApplicationFilterChain.java:208)
	at org.apache.catalina.filters.SetCharacterEncodingFilter.doFilter(SetCharacterEncodingFilter.java:108)
	at org.apache.catalina.core.ApplicationFilterChain.internalDoFilter(ApplicationFilterChain.java:241)
	at org.apache.catalina.core.ApplicationFilterChain.doFilter(ApplicationFilterChain.java:208)
	at org.apache.catalina.core.StandardWrapperValve.invoke(StandardWrapperValve.java:220)
	at org.apache.catalina.core.StandardContextValve.invoke(StandardContextValve.java:122)
	at org.apache.tomee.catalina.OpenEJBValve.invoke(OpenEJBValve.java:44)
	at org.apache.catalina.authenticator.AuthenticatorBase.invoke(AuthenticatorBase.java:614)
	at org.apache.catalina.core.StandardHostValve.invoke(StandardHostValve.java:169)
	at org.apache.catalina.valves.ErrorReportValve.invoke(ErrorReportValve.java:103)
	at org.apache.catalina.valves.AccessLogValve.invoke(AccessLogValve.java:956)
	at org.apache.catalina.core.StandardEngineValve.invoke(StandardEngineValve.java:116)
	at org.apache.catalina.connector.CoyoteAdapter.service(CoyoteAdapter.java:436)
	at org.apache.coyote.http11.AbstractHttp11Processor.process(AbstractHttp11Processor.java:1078)
	at org.apache.coyote.AbstractProtocol$AbstractConnectionHandler.process(AbstractProtocol.java:625)
	at org.apache.tomcat.util.net.JIoEndpoint$SocketProcessor.run(JIoEndpoint.java:318)
	at java.util.concurrent.ThreadPoolExecutor.runWorker(ThreadPoolExecutor.java:1149)
	at java.util.concurrent.ThreadPoolExecutor$Worker.run(ThreadPoolExecutor.java:624)
	at org.apache.tomcat.util.threads.TaskThread$WrappingRunnable.run(TaskThread.java:61)
	at java.lang.Thread.run(Thread.java:748)

may 03, 2019 9:15:50 PM org.apache.catalina.core.StandardContext listenerStart
GRAVE: Se ha saltado la instalación de escuchadores de aplicación debido a error(es) previo(s)
may 03, 2019 9:30:20 PM org.apache.catalina.core.ApplicationContext log
INFORMACIÓN: Initializing Shiro environment
may 03, 2019 9:30:32 PM org.apache.catalina.core.ApplicationContext log
INFORMACIÓN: Cleaning up Shiro Environment
may 03, 2019 9:30:35 PM org.apache.catalina.core.ApplicationContext log
INFORMACIÓN: Initializing Shiro environment
may 03, 2019 9:32:05 PM org.apache.catalina.core.ApplicationContext log
INFORMACIÓN: Cleaning up Shiro Environment
may 03, 2019 9:32:07 PM org.apache.catalina.core.ApplicationContext log
INFORMACIÓN: Initializing Shiro environment
may 03, 2019 9:32:12 PM org.apache.catalina.core.ApplicationContext log
INFORMACIÓN: Cleaning up Shiro Environment
may 03, 2019 9:32:15 PM org.apache.catalina.core.ApplicationContext log
INFORMACIÓN: Initializing Shiro environment
may 03, 2019 9:32:15 PM org.apache.catalina.core.ApplicationContext log
INFORMACIÓN: Cleaning up Shiro Environment
may 03, 2019 9:33:08 PM org.apache.catalina.core.ApplicationContext log
INFORMACIÓN: Initializing Shiro environment
may 03, 2019 9:34:05 PM org.apache.catalina.core.ApplicationContext log
INFORMACIÓN: Cleaning up Shiro Environment
may 03, 2019 9:34:07 PM org.apache.catalina.core.ApplicationContext log
INFORMACIÓN: Initializing Shiro environment
may 03, 2019 9:34:10 PM org.apache.catalina.core.ApplicationContext log
INFORMACIÓN: Cleaning up Shiro Environment
may 03, 2019 9:34:32 PM org.apache.catalina.core.ApplicationContext log
INFORMACIÓN: Initializing Shiro environment
may 03, 2019 9:35:51 PM org.apache.catalina.core.ApplicationContext log
INFORMACIÓN: Cleaning up Shiro Environment
may 03, 2019 9:35:52 PM org.apache.catalina.core.ApplicationContext log
INFORMACIÓN: Initializing Shiro environment
may 03, 2019 9:36:07 PM org.apache.catalina.core.ApplicationContext log
INFORMACIÓN: Cleaning up Shiro Environment
may 03, 2019 9:36:09 PM org.apache.catalina.core.ApplicationContext log
INFORMACIÓN: Initializing Shiro environment
may 03, 2019 9:36:09 PM org.apache.catalina.core.ApplicationContext log
INFORMACIÓN: Cleaning up Shiro Environment
may 03, 2019 9:37:11 PM org.apache.catalina.core.ApplicationContext log
INFORMACIÓN: Initializing Shiro environment
may 03, 2019 9:37:51 PM org.apache.catalina.core.ApplicationContext log
INFORMACIÓN: Cleaning up Shiro Environment
may 03, 2019 9:37:53 PM org.apache.catalina.core.ApplicationContext log
INFORMACIÓN: Initializing Shiro environment
may 03, 2019 9:37:53 PM org.apache.catalina.core.ApplicationContext log
INFORMACIÓN: Cleaning up Shiro Environment
may 03, 2019 9:38:36 PM org.apache.catalina.core.ApplicationContext log
INFORMACIÓN: Initializing Shiro environment
may 03, 2019 9:38:38 PM org.apache.catalina.core.ApplicationContext log
INFORMACIÓN: Cleaning up Shiro Environment
may 03, 2019 9:38:39 PM org.apache.catalina.core.ApplicationContext log
INFORMACIÓN: Initializing Shiro environment
may 03, 2019 9:39:54 PM org.apache.catalina.core.ApplicationContext log
INFORMACIÓN: Cleaning up Shiro Environment
may 03, 2019 9:40:16 PM org.apache.catalina.core.ApplicationContext log
INFORMACIÓN: Initializing Shiro environment
may 03, 2019 9:43:07 PM org.apache.catalina.core.ApplicationContext log
INFORMACIÓN: Cleaning up Shiro Environment
may 03, 2019 9:45:07 PM org.apache.catalina.core.ApplicationContext log
INFORMACIÓN: Initializing Shiro environment
may 03, 2019 9:45:08 PM org.apache.catalina.core.ApplicationContext log
INFORMACIÓN: Cleaning up Shiro Environment
may 03, 2019 9:45:10 PM org.apache.catalina.core.ApplicationContext log
INFORMACIÓN: Initializing Shiro environment
may 03, 2019 9:54:33 PM org.apache.catalina.core.ApplicationContext log
INFORMACIÓN: Cleaning up Shiro Environment
may 03, 2019 9:54:46 PM org.apache.catalina.core.ApplicationContext log
INFORMACIÓN: Initializing Shiro environment
may 03, 2019 9:55:25 PM org.apache.catalina.core.ApplicationContext log
INFORMACIÓN: Cleaning up Shiro Environment
may 03, 2019 10:00:12 PM org.apache.catalina.core.ApplicationContext log
INFORMACIÓN: Initializing Shiro environment
may 03, 2019 10:02:39 PM org.apache.catalina.core.ApplicationContext log
INFORMACIÓN: Cleaning up Shiro Environment
may 03, 2019 10:07:24 PM org.apache.catalina.core.ApplicationContext log
INFORMACIÓN: Initializing Shiro environment
